2025-09-07 16:59:51 - root - INFO - 键盘控制器初始化完成
2025-09-07 16:59:51 - root - INFO - 实时状态反馈系统已启动
2025-09-07 17:01:10 - root - INFO - 键盘控制器初始化完成
2025-09-07 17:01:10 - root - INFO - 实时状态反馈系统已启动
2025-09-07 17:04:47 - root - INFO - 键盘控制器初始化完成
2025-09-07 17:04:47 - root - INFO - 实时状态反馈系统已启动
2025-09-07 17:18:56 - root - INFO - 键盘控制器初始化完成
2025-09-07 17:18:56 - root - INFO - 实时状态反馈系统已启动
2025-09-07 17:19:10 - root - INFO - 键盘控制器初始化完成
2025-09-07 17:19:10 - root - INFO - 实时状态反馈系统已启动
2025-09-07 17:22:48 - root - INFO - 键盘控制器初始化完成
2025-09-07 17:22:48 - root - INFO - 实时状态反馈系统已启动
2025-09-07 22:20:59 - root - INFO - 键盘控制器初始化完成
2025-09-07 22:20:59 - root - INFO - 实时状态反馈系统已启动
2025-09-07 22:37:15 - root - INFO - 键盘控制器初始化完成
2025-09-07 22:37:15 - root - INFO - 实时状态反馈系统已启动
2025-09-07 22:45:00 - root - INFO - 键盘控制器初始化完成
2025-09-07 22:45:00 - root - INFO - 实时状态反馈系统已启动
2025-09-07 22:46:12 - root - INFO - 键盘控制器初始化完成
2025-09-07 22:46:12 - root - INFO - 实时状态反馈系统已启动
2025-09-07 22:46:54 - root - INFO - 轮式模式参数更新: linear_vel=0.4, angular_vel=0.0, heading_hold=0, target_heading=0.0
2025-09-07 22:46:54 - root - INFO - 控制参数变更: cmd_wheel_mode.cmd_wheel_linear_vel = 0.4
2025-09-07 22:46:54 - root - INFO - 轮式模式参数更新: linear_vel=1.2, angular_vel=0.0, heading_hold=0, target_heading=0.0
2025-09-07 22:46:54 - root - INFO - 控制参数变更: cmd_wheel_mode.cmd_wheel_linear_vel = 1.2
2025-09-07 22:46:54 - root - INFO - 轮式模式参数更新: linear_vel=1.5, angular_vel=0.0, heading_hold=0, target_heading=0.0
2025-09-07 22:46:54 - root - INFO - 控制参数变更: cmd_wheel_mode.cmd_wheel_linear_vel = 1.5
2025-09-07 22:46:55 - root - INFO - 轮式模式参数更新: linear_vel=1.3, angular_vel=0.0, heading_hold=0, target_heading=0.0
2025-09-07 22:46:55 - root - INFO - 控制参数变更: cmd_wheel_mode.cmd_wheel_linear_vel = 1.3
2025-09-07 22:46:55 - root - INFO - 轮式模式参数更新: linear_vel=0.7, angular_vel=0.0, heading_hold=0, target_heading=0.0
2025-09-07 22:46:56 - root - INFO - 控制参数变更: cmd_wheel_mode.cmd_wheel_linear_vel = 0.7
2025-09-07 22:46:56 - root - INFO - 轮式模式参数更新: linear_vel=0.55, angular_vel=0.0, heading_hold=0, target_heading=0.0
2025-09-07 22:46:56 - root - INFO - 控制参数变更: cmd_wheel_mode.cmd_wheel_linear_vel = 0.55
2025-09-07 22:46:56 - root - INFO - 轮式模式参数更新: linear_vel=0.3, angular_vel=0.0, heading_hold=0, target_heading=0.0
2025-09-07 22:46:56 - root - INFO - 控制参数变更: cmd_wheel_mode.cmd_wheel_linear_vel = 0.3
2025-09-07 22:46:56 - root - INFO - 轮式模式参数更新: linear_vel=0.1, angular_vel=0.0, heading_hold=0, target_heading=0.0
2025-09-07 22:46:56 - root - INFO - 控制参数变更: cmd_wheel_mode.cmd_wheel_linear_vel = 0.1
2025-09-07 22:46:56 - root - INFO - 轮式模式参数更新: linear_vel=-0.25, angular_vel=0.0, heading_hold=0, target_heading=0.0
2025-09-07 22:46:56 - root - INFO - 控制参数变更: cmd_wheel_mode.cmd_wheel_linear_vel = -0.25
2025-09-07 22:46:56 - root - INFO - 轮式模式参数更新: linear_vel=-0.35, angular_vel=0.0, heading_hold=0, target_heading=0.0
2025-09-07 22:46:56 - root - INFO - 控制参数变更: cmd_wheel_mode.cmd_wheel_linear_vel = -0.35
2025-09-07 22:46:56 - root - INFO - 轮式模式参数更新: linear_vel=-1.0, angular_vel=0.0, heading_hold=0, target_heading=0.0
2025-09-07 22:46:56 - root - INFO - 控制参数变更: cmd_wheel_mode.cmd_wheel_linear_vel = -1.0
2025-09-07 22:46:56 - root - INFO - 轮式模式参数更新: linear_vel=-1.1, angular_vel=0.0, heading_hold=0, target_heading=0.0
2025-09-07 22:46:56 - root - INFO - 控制参数变更: cmd_wheel_mode.cmd_wheel_linear_vel = -1.1
2025-09-07 22:46:56 - root - INFO - 轮式模式参数更新: linear_vel=-1.5, angular_vel=0.0, heading_hold=0, target_heading=0.0
2025-09-07 22:46:56 - root - INFO - 控制参数变更: cmd_wheel_mode.cmd_wheel_linear_vel = -1.5
2025-09-07 22:46:57 - root - INFO - 轮式模式参数更新: linear_vel=-0.95, angular_vel=0.0, heading_hold=0, target_heading=0.0
2025-09-07 22:46:57 - root - INFO - 控制参数变更: cmd_wheel_mode.cmd_wheel_linear_vel = -0.95
2025-09-07 22:46:57 - root - INFO - 轮式模式参数更新: linear_vel=1.5, angular_vel=0.0, heading_hold=0, target_heading=0.0
2025-09-07 22:46:57 - root - INFO - 控制参数变更: cmd_wheel_mode.cmd_wheel_linear_vel = 1.5
2025-09-07 22:46:58 - root - INFO - 轮式模式参数更新: linear_vel=-1.1, angular_vel=0.0, heading_hold=0, target_heading=0.0
2025-09-07 22:46:58 - root - INFO - 控制参数变更: cmd_wheel_mode.cmd_wheel_linear_vel = -1.1
2025-09-07 22:46:58 - root - INFO - 轮式模式参数更新: linear_vel=-1.5, angular_vel=0.0, heading_hold=0, target_heading=0.0
2025-09-07 22:46:58 - root - INFO - 控制参数变更: cmd_wheel_mode.cmd_wheel_linear_vel = -1.5
2025-09-07 22:46:59 - root - INFO - 轮式模式参数更新: linear_vel=-1.25, angular_vel=0.0, heading_hold=0, target_heading=0.0
2025-09-07 22:46:59 - root - INFO - 控制参数变更: cmd_wheel_mode.cmd_wheel_linear_vel = -1.25
2025-09-07 22:46:59 - root - INFO - 轮式模式参数更新: linear_vel=-0.3, angular_vel=0.0, heading_hold=0, target_heading=0.0
2025-09-07 22:46:59 - root - INFO - 控制参数变更: cmd_wheel_mode.cmd_wheel_linear_vel = -0.3
2025-09-07 22:46:59 - root - INFO - 轮式模式参数更新: linear_vel=0.05, angular_vel=0.0, heading_hold=0, target_heading=0.0
2025-09-07 22:46:59 - root - INFO - 控制参数变更: cmd_wheel_mode.cmd_wheel_linear_vel = 0.05
2025-09-07 22:46:59 - root - INFO - 轮式模式参数更新: linear_vel=0.8, angular_vel=0.0, heading_hold=0, target_heading=0.0
2025-09-07 22:46:59 - root - INFO - 控制参数变更: cmd_wheel_mode.cmd_wheel_linear_vel = 0.8
2025-09-07 22:46:59 - root - INFO - 轮式模式参数更新: linear_vel=1.35, angular_vel=0.0, heading_hold=0, target_heading=0.0
2025-09-07 22:46:59 - root - INFO - 控制参数变更: cmd_wheel_mode.cmd_wheel_linear_vel = 1.35
2025-09-07 22:46:59 - root - INFO - 轮式模式参数更新: linear_vel=1.25, angular_vel=0.0, heading_hold=0, target_heading=0.0
2025-09-07 22:46:59 - root - INFO - 控制参数变更: cmd_wheel_mode.cmd_wheel_linear_vel = 1.25
2025-09-07 22:46:59 - root - INFO - 轮式模式参数更新: linear_vel=0.25, angular_vel=0.0, heading_hold=0, target_heading=0.0
2025-09-07 22:46:59 - root - INFO - 控制参数变更: cmd_wheel_mode.cmd_wheel_linear_vel = 0.25
2025-09-07 22:46:59 - root - INFO - 轮式模式参数更新: linear_vel=-1.5, angular_vel=0.0, heading_hold=0, target_heading=0.0
2025-09-07 22:47:00 - root - INFO - 控制参数变更: cmd_wheel_mode.cmd_wheel_linear_vel = -1.5
2025-09-07 22:47:00 - root - INFO - 轮式模式参数更新: linear_vel=0.5, angular_vel=0.0, heading_hold=0, target_heading=0.0
2025-09-07 22:47:00 - root - INFO - 控制参数变更: cmd_wheel_mode.cmd_wheel_linear_vel = 0.5
2025-09-07 22:47:00 - root - INFO - 轮式模式参数更新: linear_vel=1.5, angular_vel=0.0, heading_hold=0, target_heading=0.0
2025-09-07 22:47:00 - root - INFO - 控制参数变更: cmd_wheel_mode.cmd_wheel_linear_vel = 1.5
2025-09-07 22:47:00 - root - INFO - 轮式模式参数更新: linear_vel=0.75, angular_vel=0.0, heading_hold=0, target_heading=0.0
2025-09-07 22:47:00 - root - INFO - 控制参数变更: cmd_wheel_mode.cmd_wheel_linear_vel = 0.75
2025-09-07 22:47:00 - root - INFO - 轮式模式参数更新: linear_vel=0.65, angular_vel=0.0, heading_hold=0, target_heading=0.0
2025-09-07 22:47:00 - root - INFO - 控制参数变更: cmd_wheel_mode.cmd_wheel_linear_vel = 0.65
2025-09-07 22:47:00 - root - INFO - 轮式模式参数更新: linear_vel=-0.95, angular_vel=0.0, heading_hold=0, target_heading=0.0
2025-09-07 22:47:00 - root - INFO - 控制参数变更: cmd_wheel_mode.cmd_wheel_linear_vel = -0.95
2025-09-07 22:47:00 - root - INFO - 轮式模式参数更新: linear_vel=-0.5, angular_vel=0.0, heading_hold=0, target_heading=0.0
2025-09-07 22:47:00 - root - INFO - 控制参数变更: cmd_wheel_mode.cmd_wheel_linear_vel = -0.5
2025-09-07 22:47:00 - root - INFO - 轮式模式参数更新: linear_vel=-0.4, angular_vel=0.0, heading_hold=0, target_heading=0.0
2025-09-07 22:47:01 - root - INFO - 控制参数变更: cmd_wheel_mode.cmd_wheel_linear_vel = -0.4
2025-09-07 22:47:04 - root - INFO - 键盘控制已启用
2025-09-07 22:47:05 - root - WARNING - 键盘控制触发紧急停止
2025-09-07 22:47:05 - root - INFO - 轮式模式参数更新: linear_vel=0.0, angular_vel=0.0, heading_hold=0, target_heading=0.0
2025-09-07 22:47:05 - root - WARNING - 执行紧急停止
2025-09-07 22:47:05 - root - INFO - 控制参数变更: cmd_wheel_mode.cmd_wheel_linear_vel = 0.0
2025-09-07 22:47:16 - root - INFO - 轮式模式参数更新: linear_vel=0.1, angular_vel=0.0, heading_hold=0, target_heading=0.0
2025-09-07 22:47:16 - root - INFO - 控制参数变更: cmd_wheel_mode.cmd_wheel_linear_vel = 0.1
2025-09-07 22:47:16 - root - INFO - 轮式模式参数更新: linear_vel=0.2, angular_vel=0.0, heading_hold=0, target_heading=0.0
2025-09-07 22:47:17 - root - INFO - 控制参数变更: cmd_wheel_mode.cmd_wheel_linear_vel = 0.2
2025-09-07 22:47:17 - root - INFO - 轮式模式参数更新: linear_vel=0.3, angular_vel=0.0, heading_hold=0, target_heading=0.0
2025-09-07 22:47:17 - root - INFO - 控制参数变更: cmd_wheel_mode.cmd_wheel_linear_vel = 0.3
2025-09-07 22:47:17 - root - INFO - 轮式模式参数更新: linear_vel=0.4, angular_vel=0.0, heading_hold=0, target_heading=0.0
2025-09-07 22:47:17 - root - INFO - 控制参数变更: cmd_wheel_mode.cmd_wheel_linear_vel = 0.4
2025-09-07 22:47:17 - root - INFO - 轮式模式参数更新: linear_vel=0.5, angular_vel=0.0, heading_hold=0, target_heading=0.0
2025-09-07 22:47:17 - root - INFO - 控制参数变更: cmd_wheel_mode.cmd_wheel_linear_vel = 0.5
2025-09-07 22:47:17 - root - INFO - 轮式模式参数更新: linear_vel=0.6, angular_vel=0.0, heading_hold=0, target_heading=0.0
2025-09-07 22:47:17 - root - INFO - 控制参数变更: cmd_wheel_mode.cmd_wheel_linear_vel = 0.6
2025-09-07 22:47:17 - root - INFO - 轮式模式参数更新: linear_vel=0.7, angular_vel=0.0, heading_hold=0, target_heading=0.0
2025-09-07 22:47:18 - root - INFO - 控制参数变更: cmd_wheel_mode.cmd_wheel_linear_vel = 0.7
2025-09-07 22:47:18 - root - INFO - 轮式模式参数更新: linear_vel=0.7, angular_vel=-0.1, heading_hold=0, target_heading=0.0
2025-09-07 22:47:18 - root - INFO - 控制参数变更: cmd_wheel_mode.cmd_wheel_angular_vel = -0.1
2025-09-07 22:47:18 - root - INFO - 轮式模式参数更新: linear_vel=0.7, angular_vel=-0.16, heading_hold=0, target_heading=0.0
2025-09-07 22:47:18 - root - INFO - 轮式模式参数更新: linear_vel=0.7, angular_vel=-0.16, heading_hold=0, target_heading=0.0
2025-09-07 22:47:18 - root - INFO - 轮式模式参数更新: linear_vel=0.7, angular_vel=-0.16, heading_hold=0, target_heading=0.0
2025-09-07 22:47:18 - root - INFO - 控制参数变更: cmd_wheel_mode.cmd_wheel_angular_vel = -0.16
2025-09-07 22:47:18 - root - INFO - 轮式模式参数更新: linear_vel=0.7, angular_vel=-0.29, heading_hold=0, target_heading=0.0
2025-09-07 22:47:18 - root - INFO - 轮式模式参数更新: linear_vel=0.7, angular_vel=-0.29, heading_hold=0, target_heading=0.0
2025-09-07 22:47:18 - root - INFO - 控制参数变更: cmd_wheel_mode.cmd_wheel_angular_vel = -0.29
2025-09-07 22:47:18 - root - INFO - 轮式模式参数更新: linear_vel=0.7, angular_vel=-0.32, heading_hold=0, target_heading=0.0
2025-09-07 22:47:18 - root - INFO - 轮式模式参数更新: linear_vel=0.7, angular_vel=-0.32, heading_hold=0, target_heading=0.0
2025-09-07 22:47:18 - root - INFO - 轮式模式参数更新: linear_vel=0.7, angular_vel=-0.32, heading_hold=0, target_heading=0.0
2025-09-07 22:47:18 - root - INFO - 轮式模式参数更新: linear_vel=0.7, angular_vel=-0.32, heading_hold=0, target_heading=0.0
2025-09-07 22:47:18 - root - INFO - 控制参数变更: cmd_wheel_mode.cmd_wheel_angular_vel = -0.32
2025-09-07 22:47:19 - root - INFO - 轮式模式参数更新: linear_vel=0.7, angular_vel=-0.48, heading_hold=0, target_heading=0.0
2025-09-07 22:47:19 - root - INFO - 轮式模式参数更新: linear_vel=0.7, angular_vel=-0.48, heading_hold=0, target_heading=0.0
2025-09-07 22:47:19 - root - INFO - 控制参数变更: cmd_wheel_mode.cmd_wheel_angular_vel = -0.48
2025-09-07 22:47:19 - root - INFO - 轮式模式参数更新: linear_vel=0.7, angular_vel=-0.51, heading_hold=0, target_heading=0.0
2025-09-07 22:47:19 - root - INFO - 轮式模式参数更新: linear_vel=0.7, angular_vel=-0.51, heading_hold=0, target_heading=0.0
2025-09-07 22:47:19 - root - INFO - 轮式模式参数更新: linear_vel=0.7, angular_vel=-0.51, heading_hold=0, target_heading=0.0
2025-09-07 22:47:19 - root - INFO - 轮式模式参数更新: linear_vel=0.7, angular_vel=-0.51, heading_hold=0, target_heading=0.0
2025-09-07 22:47:19 - root - INFO - 控制参数变更: cmd_wheel_mode.cmd_wheel_angular_vel = -0.51
2025-09-07 22:47:19 - root - INFO - 轮式模式参数更新: linear_vel=0.7, angular_vel=-0.67, heading_hold=0, target_heading=0.0
2025-09-07 22:47:19 - root - INFO - 轮式模式参数更新: linear_vel=0.7, angular_vel=-0.67, heading_hold=0, target_heading=0.0
2025-09-07 22:47:19 - root - INFO - 轮式模式参数更新: linear_vel=0.7, angular_vel=-0.8, heading_hold=0, target_heading=0.0
2025-09-07 22:47:19 - root - INFO - 控制参数变更: cmd_wheel_mode.cmd_wheel_angular_vel = -0.8
2025-09-07 22:47:19 - root - INFO - 轮式模式参数更新: linear_vel=0.7, angular_vel=-0.86, heading_hold=0, target_heading=0.0
2025-09-07 22:47:19 - root - INFO - 轮式模式参数更新: linear_vel=0.7, angular_vel=-0.86, heading_hold=0, target_heading=0.0
2025-09-07 22:47:19 - root - INFO - 轮式模式参数更新: linear_vel=0.7, angular_vel=-0.86, heading_hold=0, target_heading=0.0
2025-09-07 22:47:19 - root - INFO - 控制参数变更: cmd_wheel_mode.cmd_wheel_angular_vel = -0.86
2025-09-07 22:47:20 - root - INFO - 轮式模式参数更新: linear_vel=0.7, angular_vel=-0.8, heading_hold=0, target_heading=0.0
2025-09-07 22:47:20 - root - INFO - 控制参数变更: cmd_wheel_mode.cmd_wheel_angular_vel = -0.8
2025-09-07 22:47:20 - root - INFO - 轮式模式参数更新: linear_vel=0.7, angular_vel=-0.67, heading_hold=0, target_heading=0.0
2025-09-07 22:47:20 - root - INFO - 轮式模式参数更新: linear_vel=0.7, angular_vel=-0.67, heading_hold=0, target_heading=0.0
2025-09-07 22:47:20 - root - INFO - 控制参数变更: cmd_wheel_mode.cmd_wheel_angular_vel = -0.67
2025-09-07 22:47:20 - root - INFO - 轮式模式参数更新: linear_vel=0.7, angular_vel=-0.51, heading_hold=0, target_heading=0.0
2025-09-07 22:47:20 - root - INFO - 轮式模式参数更新: linear_vel=0.7, angular_vel=-0.51, heading_hold=0, target_heading=0.0
2025-09-07 22:47:20 - root - INFO - 轮式模式参数更新: linear_vel=0.7, angular_vel=-0.51, heading_hold=0, target_heading=0.0
2025-09-07 22:47:20 - root - INFO - 轮式模式参数更新: linear_vel=0.7, angular_vel=-0.51, heading_hold=0, target_heading=0.0
2025-09-07 22:47:20 - root - INFO - 控制参数变更: cmd_wheel_mode.cmd_wheel_angular_vel = -0.51
2025-09-07 22:47:20 - root - INFO - 轮式模式参数更新: linear_vel=0.7, angular_vel=-0.48, heading_hold=0, target_heading=0.0
2025-09-07 22:47:20 - root - INFO - 轮式模式参数更新: linear_vel=0.7, angular_vel=-0.48, heading_hold=0, target_heading=0.0
2025-09-07 22:47:20 - root - INFO - 控制参数变更: cmd_wheel_mode.cmd_wheel_angular_vel = -0.48
2025-09-07 22:47:20 - root - INFO - 轮式模式参数更新: linear_vel=0.7, angular_vel=-0.32, heading_hold=0, target_heading=0.0
2025-09-07 22:47:20 - root - INFO - 轮式模式参数更新: linear_vel=0.7, angular_vel=-0.32, heading_hold=0, target_heading=0.0
2025-09-07 22:47:20 - root - INFO - 轮式模式参数更新: linear_vel=0.7, angular_vel=-0.32, heading_hold=0, target_heading=0.0
2025-09-07 22:47:20 - root - INFO - 轮式模式参数更新: linear_vel=0.7, angular_vel=-0.32, heading_hold=0, target_heading=0.0
2025-09-07 22:47:20 - root - INFO - 控制参数变更: cmd_wheel_mode.cmd_wheel_angular_vel = -0.32
2025-09-07 22:47:21 - root - INFO - 轮式模式参数更新: linear_vel=0.7, angular_vel=-0.29, heading_hold=0, target_heading=0.0
2025-09-07 22:47:21 - root - INFO - 轮式模式参数更新: linear_vel=0.7, angular_vel=-0.29, heading_hold=0, target_heading=0.0
2025-09-07 22:47:21 - root - INFO - 控制参数变更: cmd_wheel_mode.cmd_wheel_angular_vel = -0.29
2025-09-07 22:47:21 - root - INFO - 轮式模式参数更新: linear_vel=0.7, angular_vel=-0.16, heading_hold=0, target_heading=0.0
2025-09-07 22:47:21 - root - INFO - 轮式模式参数更新: linear_vel=0.7, angular_vel=-0.16, heading_hold=0, target_heading=0.0
2025-09-07 22:47:21 - root - INFO - 轮式模式参数更新: linear_vel=0.7, angular_vel=-0.16, heading_hold=0, target_heading=0.0
2025-09-07 22:47:21 - root - INFO - 轮式模式参数更新: linear_vel=0.7, angular_vel=-0.1, heading_hold=0, target_heading=0.0
2025-09-07 22:47:21 - root - INFO - 控制参数变更: cmd_wheel_mode.cmd_wheel_angular_vel = -0.1
2025-09-07 22:47:21 - root - INFO - 轮式模式参数更新: linear_vel=0.7, angular_vel=0.0, heading_hold=0, target_heading=0.0
2025-09-07 22:47:21 - root - INFO - 控制参数变更: cmd_wheel_mode.cmd_wheel_angular_vel = 0.0
2025-09-07 22:47:22 - root - INFO - 轮式模式参数更新: linear_vel=0.7, angular_vel=0.1, heading_hold=0, target_heading=0.0
2025-09-07 22:47:22 - root - INFO - 控制参数变更: cmd_wheel_mode.cmd_wheel_angular_vel = 0.1
2025-09-07 22:47:22 - root - INFO - 轮式模式参数更新: linear_vel=0.7, angular_vel=0.16, heading_hold=0, target_heading=0.0
2025-09-07 22:47:22 - root - INFO - 轮式模式参数更新: linear_vel=0.7, angular_vel=0.16, heading_hold=0, target_heading=0.0
2025-09-07 22:47:22 - root - INFO - 轮式模式参数更新: linear_vel=0.7, angular_vel=0.16, heading_hold=0, target_heading=0.0
2025-09-07 22:47:22 - root - INFO - 控制参数变更: cmd_wheel_mode.cmd_wheel_angular_vel = 0.16
2025-09-07 22:47:22 - root - INFO - 轮式模式参数更新: linear_vel=0.7, angular_vel=0.29, heading_hold=0, target_heading=0.0
2025-09-07 22:47:22 - root - INFO - 轮式模式参数更新: linear_vel=0.7, angular_vel=0.29, heading_hold=0, target_heading=0.0
2025-09-07 22:47:22 - root - INFO - 控制参数变更: cmd_wheel_mode.cmd_wheel_angular_vel = 0.29
2025-09-07 22:47:22 - root - INFO - 轮式模式参数更新: linear_vel=0.7, angular_vel=0.32, heading_hold=0, target_heading=0.0
2025-09-07 22:47:22 - root - INFO - 轮式模式参数更新: linear_vel=0.7, angular_vel=0.32, heading_hold=0, target_heading=0.0
2025-09-07 22:47:22 - root - INFO - 轮式模式参数更新: linear_vel=0.7, angular_vel=0.32, heading_hold=0, target_heading=0.0
2025-09-07 22:47:22 - root - INFO - 轮式模式参数更新: linear_vel=0.7, angular_vel=0.32, heading_hold=0, target_heading=0.0
2025-09-07 22:47:22 - root - INFO - 控制参数变更: cmd_wheel_mode.cmd_wheel_angular_vel = 0.32
2025-09-07 22:47:22 - root - INFO - 轮式模式参数更新: linear_vel=0.7, angular_vel=0.48, heading_hold=0, target_heading=0.0
2025-09-07 22:47:22 - root - INFO - 轮式模式参数更新: linear_vel=0.7, angular_vel=0.48, heading_hold=0, target_heading=0.0
2025-09-07 22:47:22 - root - INFO - 控制参数变更: cmd_wheel_mode.cmd_wheel_angular_vel = 0.48
2025-09-07 22:47:23 - root - INFO - 轮式模式参数更新: linear_vel=0.7, angular_vel=0.51, heading_hold=0, target_heading=0.0
2025-09-07 22:47:23 - root - INFO - 轮式模式参数更新: linear_vel=0.7, angular_vel=0.51, heading_hold=0, target_heading=0.0
2025-09-07 22:47:23 - root - INFO - 轮式模式参数更新: linear_vel=0.7, angular_vel=0.51, heading_hold=0, target_heading=0.0
2025-09-07 22:47:23 - root - INFO - 轮式模式参数更新: linear_vel=0.7, angular_vel=0.51, heading_hold=0, target_heading=0.0
2025-09-07 22:47:23 - root - INFO - 控制参数变更: cmd_wheel_mode.cmd_wheel_angular_vel = 0.51
2025-09-07 22:47:23 - root - INFO - 轮式模式参数更新: linear_vel=0.7, angular_vel=0.67, heading_hold=0, target_heading=0.0
2025-09-07 22:47:23 - root - INFO - 轮式模式参数更新: linear_vel=0.7, angular_vel=0.67, heading_hold=0, target_heading=0.0
2025-09-07 22:47:23 - root - INFO - 控制参数变更: cmd_wheel_mode.cmd_wheel_angular_vel = 0.67
2025-09-07 22:47:23 - root - INFO - 轮式模式参数更新: linear_vel=0.7, angular_vel=0.8, heading_hold=0, target_heading=0.0
2025-09-07 22:47:23 - root - INFO - 控制参数变更: cmd_wheel_mode.cmd_wheel_angular_vel = 0.8
2025-09-07 22:47:24 - root - INFO - 轮式模式参数更新: linear_vel=0.7, angular_vel=0.86, heading_hold=0, target_heading=0.0
2025-09-07 22:47:24 - root - INFO - 轮式模式参数更新: linear_vel=0.7, angular_vel=0.86, heading_hold=0, target_heading=0.0
2025-09-07 22:47:24 - root - INFO - 轮式模式参数更新: linear_vel=0.7, angular_vel=0.86, heading_hold=0, target_heading=0.0
2025-09-07 22:47:24 - root - INFO - 控制参数变更: cmd_wheel_mode.cmd_wheel_angular_vel = 0.86
2025-09-07 22:47:24 - root - INFO - 轮式模式参数更新: linear_vel=0.7, angular_vel=0.99, heading_hold=0, target_heading=0.0
2025-09-07 22:47:24 - root - INFO - 轮式模式参数更新: linear_vel=0.7, angular_vel=0.99, heading_hold=0, target_heading=0.0
2025-09-07 22:47:24 - root - INFO - 控制参数变更: cmd_wheel_mode.cmd_wheel_angular_vel = 0.99
2025-09-07 22:47:24 - root - INFO - 轮式模式参数更新: linear_vel=0.7, angular_vel=1.02, heading_hold=0, target_heading=0.0
2025-09-07 22:47:24 - root - INFO - 轮式模式参数更新: linear_vel=0.7, angular_vel=1.02, heading_hold=0, target_heading=0.0
2025-09-07 22:47:24 - root - INFO - 轮式模式参数更新: linear_vel=0.7, angular_vel=1.02, heading_hold=0, target_heading=0.0
2025-09-07 22:47:24 - root - INFO - 轮式模式参数更新: linear_vel=0.7, angular_vel=1.02, heading_hold=0, target_heading=0.0
2025-09-07 22:47:24 - root - INFO - 控制参数变更: cmd_wheel_mode.cmd_wheel_angular_vel = 1.02
2025-09-07 22:47:24 - root - INFO - 轮式模式参数更新: linear_vel=0.7, angular_vel=1.18, heading_hold=0, target_heading=0.0
2025-09-07 22:47:24 - root - INFO - 轮式模式参数更新: linear_vel=0.7, angular_vel=1.18, heading_hold=0, target_heading=0.0
2025-09-07 22:47:24 - root - INFO - 控制参数变更: cmd_wheel_mode.cmd_wheel_angular_vel = 1.18
2025-09-07 22:47:24 - root - INFO - 轮式模式参数更新: linear_vel=0.7, angular_vel=1.18, heading_hold=0, target_heading=0.0
2025-09-07 22:47:24 - root - INFO - 轮式模式参数更新: linear_vel=0.7, angular_vel=1.18, heading_hold=0, target_heading=0.0
2025-09-07 22:47:24 - root - INFO - 轮式模式参数更新: linear_vel=0.7, angular_vel=1.18, heading_hold=0, target_heading=0.0
2025-09-07 22:47:24 - root - INFO - 轮式模式参数更新: linear_vel=0.7, angular_vel=1.18, heading_hold=0, target_heading=0.0
2025-09-07 22:47:24 - root - INFO - 轮式模式参数更新: linear_vel=0.7, angular_vel=1.18, heading_hold=0, target_heading=0.0
2025-09-07 22:47:24 - root - INFO - 轮式模式参数更新: linear_vel=0.7, angular_vel=1.37, heading_hold=0, target_heading=0.0
2025-09-07 22:47:24 - root - INFO - 轮式模式参数更新: linear_vel=0.7, angular_vel=1.37, heading_hold=0, target_heading=0.0
2025-09-07 22:47:24 - root - INFO - 控制参数变更: cmd_wheel_mode.cmd_wheel_angular_vel = 1.37
2025-09-07 22:47:24 - root - INFO - 轮式模式参数更新: linear_vel=0.7, angular_vel=1.5, heading_hold=0, target_heading=0.0
2025-09-07 22:47:24 - root - INFO - 控制参数变更: cmd_wheel_mode.cmd_wheel_angular_vel = 1.5
2025-09-07 22:47:25 - root - INFO - 轮式模式参数更新: linear_vel=0.7, angular_vel=1.53, heading_hold=0, target_heading=0.0
2025-09-07 22:47:25 - root - INFO - 轮式模式参数更新: linear_vel=0.7, angular_vel=1.53, heading_hold=0, target_heading=0.0
2025-09-07 22:47:25 - root - INFO - 轮式模式参数更新: linear_vel=0.7, angular_vel=1.53, heading_hold=0, target_heading=0.0
2025-09-07 22:47:25 - root - INFO - 轮式模式参数更新: linear_vel=0.7, angular_vel=1.53, heading_hold=0, target_heading=0.0
2025-09-07 22:47:25 - root - INFO - 控制参数变更: cmd_wheel_mode.cmd_wheel_angular_vel = 1.53
2025-09-07 22:47:25 - root - INFO - 轮式模式参数更新: linear_vel=0.7, angular_vel=1.69, heading_hold=0, target_heading=0.0
2025-09-07 22:47:25 - root - INFO - 轮式模式参数更新: linear_vel=0.7, angular_vel=1.69, heading_hold=0, target_heading=0.0
2025-09-07 22:47:25 - root - INFO - 控制参数变更: cmd_wheel_mode.cmd_wheel_angular_vel = 1.69
2025-09-07 22:47:26 - root - WARNING - 键盘控制触发紧急停止
2025-09-07 22:47:26 - root - INFO - 轮式模式参数更新: linear_vel=0.0, angular_vel=1.69, heading_hold=0, target_heading=0.0
2025-09-07 22:47:26 - root - INFO - 轮式模式参数更新: linear_vel=0.0, angular_vel=0.0, heading_hold=0, target_heading=0.0
2025-09-07 22:47:26 - root - WARNING - 执行紧急停止
2025-09-07 22:47:26 - root - INFO - 控制参数变更: cmd_wheel_mode.cmd_wheel_linear_vel = 0.0
2025-09-07 22:47:26 - root - INFO - 控制参数变更: cmd_wheel_mode.cmd_wheel_angular_vel = 0.0
2025-09-07 22:47:28 - root - INFO - 轮式模式参数更新: linear_vel=0.0, angular_vel=0.0, heading_hold=1, target_heading=0.0
2025-09-07 22:47:29 - root - INFO - 控制参数变更: cmd_wheel_mode.cmd_wheel_heading_hold = 1
2025-09-07 22:47:36 - root - INFO - 轮式模式参数更新: linear_vel=0.0, angular_vel=0.0, heading_hold=1, target_heading=1.5707963267948966
2025-09-07 22:47:36 - root - INFO - 控制参数变更: cmd_wheel_mode.cmd_target_heading = 1.5707963267948966
2025-09-07 22:47:37 - root - INFO - 轮式模式参数更新: linear_vel=0.0, angular_vel=0.0, heading_hold=1, target_heading=1.5707963267948966
2025-09-07 22:47:44 - root - INFO - 轮式模式参数更新: linear_vel=0.0, angular_vel=0.0, heading_hold=1, target_heading=0.0
2025-09-07 22:47:45 - root - INFO - 控制参数变更: cmd_wheel_mode.cmd_target_heading = 0.0
2025-09-07 22:47:45 - root - INFO - 轮式模式参数更新: linear_vel=0.0, angular_vel=0.0, heading_hold=1, target_heading=0.0
2025-09-07 22:48:15 - root - INFO - 轮式模式参数更新: linear_vel=0.15, angular_vel=0.0, heading_hold=1, target_heading=0.0
2025-09-07 22:48:15 - root - INFO - 控制参数变更: cmd_wheel_mode.cmd_wheel_linear_vel = 0.15
2025-09-07 22:48:15 - root - INFO - 轮式模式参数更新: linear_vel=0.25, angular_vel=0.0, heading_hold=1, target_heading=0.0
2025-09-07 22:48:15 - root - INFO - 控制参数变更: cmd_wheel_mode.cmd_wheel_linear_vel = 0.25
2025-09-07 22:48:16 - root - INFO - 轮式模式参数更新: linear_vel=0.3, angular_vel=0.0, heading_hold=1, target_heading=0.0
2025-09-07 22:48:16 - root - INFO - 控制参数变更: cmd_wheel_mode.cmd_wheel_linear_vel = 0.3
2025-09-07 22:48:16 - root - INFO - 轮式模式参数更新: linear_vel=0.4, angular_vel=0.0, heading_hold=1, target_heading=0.0
2025-09-07 22:48:16 - root - INFO - 控制参数变更: cmd_wheel_mode.cmd_wheel_linear_vel = 0.4
2025-09-07 22:48:16 - root - INFO - 轮式模式参数更新: linear_vel=0.5, angular_vel=0.0, heading_hold=1, target_heading=0.0
2025-09-07 22:48:16 - root - INFO - 控制参数变更: cmd_wheel_mode.cmd_wheel_linear_vel = 0.5
2025-09-07 22:48:16 - root - INFO - 轮式模式参数更新: linear_vel=0.6, angular_vel=0.0, heading_hold=1, target_heading=0.0
2025-09-07 22:48:16 - root - INFO - 控制参数变更: cmd_wheel_mode.cmd_wheel_linear_vel = 0.6
2025-09-07 22:48:16 - root - INFO - 轮式模式参数更新: linear_vel=0.7, angular_vel=0.0, heading_hold=1, target_heading=0.0
2025-09-07 22:48:16 - root - INFO - 控制参数变更: cmd_wheel_mode.cmd_wheel_linear_vel = 0.7
2025-09-07 22:48:16 - root - INFO - 轮式模式参数更新: linear_vel=1.0, angular_vel=0.0, heading_hold=1, target_heading=0.0
2025-09-07 22:48:16 - root - INFO - 控制参数变更: cmd_wheel_mode.cmd_wheel_linear_vel = 1.0
2025-09-07 22:48:16 - root - INFO - 轮式模式参数更新: linear_vel=1.35, angular_vel=0.0, heading_hold=1, target_heading=0.0
2025-09-07 22:48:17 - root - INFO - 控制参数变更: cmd_wheel_mode.cmd_wheel_linear_vel = 1.35
2025-09-07 22:51:45 - root - INFO - 键盘控制器初始化完成
2025-09-07 22:51:45 - root - INFO - 实时状态反馈系统已启动
2025-09-07 23:03:06 - root - INFO - 键盘控制器初始化完成
2025-09-07 23:03:06 - root - INFO - 实时状态反馈系统已启动
