2025-09-03 23:50:06 - root - INFO - 键盘控制器初始化完成
2025-09-03 23:50:06 - root - INFO - 实时状态反馈系统已启动
2025-09-03 23:50:13 - root - INFO - 控制参数变更: cmd_camera.cmd_camera_snapshot[0] = 1
2025-09-03 23:50:36 - root - INFO - 控制参数变更: cmd_camera.cmd_camera_snapshot[1] = 1
2025-09-03 23:50:36 - root - INFO - 控制参数变更: cmd_camera.cmd_camera_record[0] = 1
2025-09-03 23:50:38 - root - INFO - 控制参数变更: cmd_camera.cmd_camera_record[1] = 1
2025-09-03 23:50:41 - root - INFO - 控制参数变更: cmd_camera.cmd_camera_record[0] = 0
2025-09-03 23:50:43 - root - INFO - 控制参数变更: cmd_camera.cmd_camera_record[1] = 0
2025-09-03 23:51:10 - root - INFO - 控制参数变更: cmd_floating_mode.cmd_floating_angular_roll = 1.5
2025-09-03 23:51:11 - root - INFO - 控制参数变更: cmd_floating_mode.cmd_floating_angular_yaw = 1.5
2025-09-03 23:51:12 - root - INFO - 控制参数变更: cmd_floating_mode.cmd_floating_angular_pitch = 1.5
2025-09-03 23:51:13 - root - INFO - 控制参数变更: cmd_floating_mode.cmd_target_roll = 1.5
2025-09-03 23:51:13 - root - INFO - 控制参数变更: cmd_floating_mode.cmd_target_yaw = 1.5
2025-09-03 23:51:16 - root - INFO - 控制参数变更: cmd_floating_mode.cmd_target_pitch = 1.5
2025-09-03 23:51:23 - root - INFO - 控制参数变更: cmd_wheel_mode.cmd_target_heading = 1.5
2025-09-03 23:52:06 - root - INFO - 浮游模式参数更新: vel_x=0.0, vel_y=0.0, vel_z=0.0, ang_roll=1.4992378274631293, ang_yaw=1.4992378274631293, ang_pitch=1.4992378274631293, depth_hold=0, target_depth=0.0
2025-09-03 23:52:06 - root - INFO - 浮游模式参数更新: vel_x=0.0, vel_y=0.0, vel_z=0.0, ang_roll=1.4992378274631293, ang_yaw=1.4992378274631293, ang_pitch=1.4992378274631293, depth_hold=0, target_depth=0.0
2025-09-03 23:52:09 - root - INFO - 浮游模式参数更新: vel_x=0.0, vel_y=0.0, vel_z=0.0, ang_roll=1.4992378274631293, ang_yaw=1.4992378274631293, ang_pitch=1.4992378274631293, depth_hold=0, target_depth=0.0
2025-09-03 23:52:13 - root - INFO - 浮游模式参数更新: vel_x=0.0, vel_y=0.0, vel_z=0.0, ang_roll=1.4992378274631293, ang_yaw=1.4992378274631293, ang_pitch=1.4992378274631293, depth_hold=0, target_depth=0.0
2025-09-03 23:52:14 - root - INFO - 浮游模式参数更新: vel_x=0.0, vel_y=0.0, vel_z=0.0, ang_roll=1.4992378274631293, ang_yaw=1.4992378274631293, ang_pitch=1.4992378274631293, depth_hold=0, target_depth=0.0
2025-09-03 23:52:17 - root - INFO - 轮式模式参数更新: linear_vel=0.0, angular_vel=0.0, heading_hold=0, target_heading=1.5707963267948966
2025-09-03 23:52:21 - root - INFO - 控制参数变更: cmd_floating_mode.cmd_floating_angular_roll = 1.4992378274631293
2025-09-03 23:52:21 - root - INFO - 控制参数变更: cmd_floating_mode.cmd_floating_angular_yaw = 1.4992378274631293
2025-09-03 23:52:21 - root - INFO - 控制参数变更: cmd_floating_mode.cmd_floating_angular_pitch = 1.4992378274631293
2025-09-03 23:52:21 - root - INFO - 控制参数变更: cmd_floating_mode.cmd_target_roll = 1.5707963267948966
2025-09-03 23:52:21 - root - INFO - 控制参数变更: cmd_floating_mode.cmd_target_yaw = 1.5707963267948966
2025-09-03 23:52:21 - root - INFO - 控制参数变更: cmd_floating_mode.cmd_target_pitch = 1.5707963267948966
2025-09-03 23:52:21 - root - INFO - 控制参数变更: cmd_wheel_mode.cmd_target_heading = 1.5707963267948966
2025-09-03 23:52:52 - root - INFO - 控制参数变更: cmd_floating_mode.cmd_floating_vel_x = 1.0
2025-09-03 23:52:52 - root - INFO - 控制参数变更: cmd_floating_mode.cmd_floating_vel_x = 1.0
2025-09-03 23:54:41 - root - INFO - 键盘控制器初始化完成
2025-09-03 23:54:41 - root - INFO - 实时状态反馈系统已启动
2025-09-03 23:54:50 - root - INFO - 控制参数变更: cmd_floating_mode.cmd_floating_angular_roll = 1.5
2025-09-03 23:54:51 - root - INFO - 控制参数变更: cmd_floating_mode.cmd_floating_angular_yaw = 1.5
2025-09-03 23:54:52 - root - INFO - 控制参数变更: cmd_floating_mode.cmd_floating_angular_pitch = 1.5
2025-09-03 23:54:53 - root - INFO - 控制参数变更: cmd_floating_mode.cmd_target_roll = 1.5
2025-09-03 23:54:54 - root - INFO - 控制参数变更: cmd_floating_mode.cmd_target_yaw = 1.5
2025-09-03 23:54:56 - root - INFO - 控制参数变更: cmd_floating_mode.cmd_target_pitch = 1.5
2025-09-03 23:54:57 - root - INFO - 控制参数变更: cmd_floating_mode.cmd_floating_heading_hold = 1
2025-09-03 23:55:08 - root - INFO - 浮游模式参数更新: vel_x=0.0, vel_y=0.0, vel_z=0.0, ang_roll=1.4992378274631293, ang_yaw=1.4992378274631293, ang_pitch=1.4992378274631293, depth_hold=1, target_depth=0.0
2025-09-03 23:55:10 - root - INFO - 控制参数变更: cmd_floating_mode.cmd_floating_angular_roll = 1.4992378274631293
2025-09-03 23:55:10 - root - INFO - 控制参数变更: cmd_floating_mode.cmd_floating_angular_yaw = 1.4992378274631293
2025-09-03 23:55:10 - root - INFO - 控制参数变更: cmd_floating_mode.cmd_floating_angular_pitch = 1.4992378274631293
2025-09-03 23:55:10 - root - INFO - 控制参数变更: cmd_floating_mode.cmd_depth_hold = 1
2025-09-03 23:55:10 - root - INFO - 控制参数变更: cmd_floating_mode.cmd_floating_heading_hold = 0
2025-09-03 23:55:10 - root - INFO - 控制参数变更: cmd_floating_mode.cmd_target_roll = 0.0
2025-09-03 23:55:10 - root - INFO - 控制参数变更: cmd_floating_mode.cmd_target_yaw = 0.0
2025-09-03 23:55:10 - root - INFO - 控制参数变更: cmd_floating_mode.cmd_target_pitch = 0.0
2025-09-03 23:55:24 - root - INFO - 控制参数变更: cmd_floating_mode.cmd_floating_heading_hold = 1
2025-09-03 23:55:25 - root - INFO - 控制参数变更: cmd_floating_mode.cmd_target_roll = 1.5
2025-09-03 23:55:26 - root - INFO - 控制参数变更: cmd_floating_mode.cmd_target_yaw = 1.5
2025-09-03 23:55:26 - root - INFO - 控制参数变更: cmd_floating_mode.cmd_target_pitch = 1.5
2025-09-03 23:55:30 - root - INFO - 键盘控制器初始化完成
2025-09-03 23:55:30 - root - INFO - 实时状态反馈系统已启动
2025-09-03 23:55:35 - root - INFO - 浮游模式参数更新: vel_x=0.0, vel_y=0.0, vel_z=0.0, ang_roll=1.4992378274631293, ang_yaw=1.4992378274631293, ang_pitch=1.4992378274631293, depth_hold=1, target_depth=0.0
2025-09-03 23:55:35 - root - INFO - 浮游模式参数更新: vel_x=0.0, vel_y=0.0, vel_z=0.0, ang_roll=1.4992378274631293, ang_yaw=1.4992378274631293, ang_pitch=1.4992378274631293, depth_hold=1, target_depth=0.0
2025-09-03 23:55:36 - root - INFO - 浮游模式参数更新: vel_x=0.0, vel_y=0.0, vel_z=0.0, ang_roll=1.4992378274631293, ang_yaw=1.4992378274631293, ang_pitch=1.4992378274631293, depth_hold=1, target_depth=0.0
2025-09-03 23:55:37 - root - INFO - 控制参数变更: cmd_floating_mode.cmd_target_roll = 0.0
2025-09-03 23:55:37 - root - INFO - 控制参数变更: cmd_floating_mode.cmd_target_yaw = 0.0
2025-09-03 23:55:37 - root - INFO - 控制参数变更: cmd_floating_mode.cmd_target_pitch = 0.0
2025-09-03 23:55:43 - root - INFO - 控制参数变更: cmd_floating_mode.cmd_target_depth = 1.5
2025-09-03 23:55:54 - root - INFO - 控制参数变更: cmd_floating_mode.cmd_floating_vel_x = 1.5
2025-09-03 23:55:55 - root - INFO - 控制参数变更: cmd_floating_mode.cmd_floating_vel_y = 1.5
2025-09-03 23:55:56 - root - INFO - 控制参数变更: cmd_floating_mode.cmd_floating_vel_z = 1.5
2025-09-03 23:56:16 - root - INFO - 键盘控制器初始化完成
2025-09-03 23:56:16 - root - INFO - 实时状态反馈系统已启动
2025-09-03 23:56:20 - root - INFO - 控制参数变更: cmd_floating_mode.cmd_target_roll = 1.5
2025-09-03 23:56:21 - root - INFO - 控制参数变更: cmd_floating_mode.cmd_target_yaw = 1.5
2025-09-03 23:56:22 - root - INFO - 控制参数变更: cmd_floating_mode.cmd_target_pitch = 1.5
2025-09-03 23:56:26 - root - INFO - 控制参数变更: cmd_floating_mode.cmd_floating_heading_hold = 1
2025-09-03 23:56:29 - root - INFO - 控制参数变更: cmd_floating_mode.cmd_depth_hold = 1
2025-09-03 23:56:31 - root - INFO - 控制参数变更: cmd_floating_mode.cmd_target_depth = 1.5
2025-09-03 23:56:34 - root - INFO - 控制参数变更: cmd_floating_mode.cmd_floating_vel_x = 1.5
2025-09-03 23:56:35 - root - INFO - 控制参数变更: cmd_floating_mode.cmd_floating_vel_y = 1.5
2025-09-03 23:56:35 - root - INFO - 控制参数变更: cmd_floating_mode.cmd_floating_vel_z = 1.5
2025-09-03 23:56:36 - root - INFO - 控制参数变更: cmd_floating_mode.cmd_floating_angular_roll = 1.5
2025-09-03 23:56:36 - root - INFO - 控制参数变更: cmd_floating_mode.cmd_floating_angular_yaw = 1.5
2025-09-03 23:56:38 - root - INFO - 控制参数变更: cmd_floating_mode.cmd_floating_angular_pitch = 1.5
2025-09-03 23:56:43 - root - INFO - 控制参数变更: cmd_wheel_mode.cmd_wheel_linear_vel = 1.5
2025-09-03 23:56:43 - root - INFO - 控制参数变更: cmd_wheel_mode.cmd_wheel_angular_vel = 1.5
2025-09-03 23:56:44 - root - INFO - 控制参数变更: cmd_wheel_mode.cmd_wheel_heading_hold = 1
2025-09-03 23:56:46 - root - INFO - 控制参数变更: cmd_wheel_mode.cmd_target_heading = 1.5
2025-09-03 23:56:50 - root - INFO - 控制参数变更: cmd_electromagnet.cmd_electromagnet_enable = 1
2025-09-03 23:56:52 - root - INFO - 控制参数变更: cmd_electromagnet.cmd_electromagnet_voltage = 12
2025-09-03 23:56:53 - root - INFO - 控制参数变更: cmd_brush.cmd_brush_enable = 1
2025-09-03 23:56:54 - root - INFO - 控制参数变更: cmd_brush.cmd_brush_power = 12
2025-09-03 23:56:55 - root - INFO - 控制参数变更: cmd_brush.cmd_water_enable = 1
2025-09-03 23:56:56 - root - INFO - 控制参数变更: cmd_brush.cmd_water_flow = 12
2025-09-03 23:59:12 - root - INFO - 键盘控制器初始化完成
2025-09-03 23:59:12 - root - INFO - 实时状态反馈系统已启动
2025-09-03 23:59:39 - root - INFO - 键盘控制器初始化完成
2025-09-03 23:59:39 - root - INFO - 实时状态反馈系统已启动
2025-09-03 23:59:46 - root - INFO - 键盘控制已启用
2025-09-03 23:59:47 - root - INFO - 键盘控制已禁用
2025-09-03 23:59:47 - root - INFO - 键盘控制已启用
2025-09-03 23:59:48 - root - INFO - 键盘控制已禁用
2025-09-03 23:59:55 - root - INFO - 键盘控制已启用
2025-09-03 23:59:55 - root - INFO - 键盘控制已禁用
2025-09-04 00:01:01 - root - INFO - 键盘控制器初始化完成
2025-09-04 00:01:01 - root - INFO - 实时状态反馈系统已启动
2025-09-04 00:02:06 - root - INFO - 键盘控制器初始化完成
2025-09-04 00:02:06 - root - INFO - 实时状态反馈系统已启动
